<?xml version="1.0" encoding="UTF-8"?>
<!-- Generated by org.testng.reporters.JUnitReportReporter -->
<testsuite hostname="DESKTOP-US9O7O0" failures="0" tests="2" name="com.dsalgo.qa.testcases.RegisterPageTest" time="10.701" errors="0" timestamp="2022-05-16T12:55:03 PDT" skipped="0">
  <testcase classname="com.dsalgo.qa.testcases.RegisterPageTest" name="registerUserNegativeTest" time="6.046"/>
  <system-out/>
  <testcase classname="com.dsalgo.qa.testcases.RegisterPageTest" name="registerUserTest" time="4.655"/>
  <system-out/>
</testsuite> <!-- com.dsalgo.qa.testcases.RegisterPageTest -->
