<?xml version="1.0" encoding="UTF-8"?>
<!-- Generated by org.testng.reporters.JUnitReportReporter -->
<testsuite hostname="DESKTOP-US9O7O0" failures="0" tests="1" name="com.dsalgo.qa.testcases.ArraysPageTest" time="20.647" errors="0" timestamp="2022-05-16T00:55:04 PDT" skipped="0">
  <testcase classname="com.dsalgo.qa.testcases.ArraysPageTest" name="ArraysTestScenarios" time="20.647"/>
  <system-out/>
</testsuite> <!-- com.dsalgo.qa.testcases.ArraysPageTest -->
