<?xml version="1.0" encoding="UTF-8"?>
<!-- Generated by org.testng.reporters.JUnitReportReporter -->
<testsuite hostname="DESKTOP-US9O7O0" failures="0" tests="2" name="com.dsalgo.qa.testcases.GraphPageTest" time="17.066" errors="0" timestamp="2022-05-16T12:55:03 PDT" skipped="0">
  <testcase classname="com.dsalgo.qa.testcases.GraphPageTest" name="GraphTestScenarios" time="8.643"/>
  <system-out/>
  <testcase classname="com.dsalgo.qa.testcases.GraphPageTest" name="GraphRepresentationTestScenarios" time="8.423"/>
  <system-out/>
</testsuite> <!-- com.dsalgo.qa.testcases.GraphPageTest -->
