<?xml version="1.0" encoding="UTF-8"?>
<!-- Generated by org.testng.reporters.JUnitReportReporter -->
<testsuite hostname="DESKTOP-US9O7O0" failures="0" tests="1" name="com.dsalgo.qa.testcases.TryEditorPageTest" time="7.890" errors="0" timestamp="2022-05-16T12:58:24 PDT" skipped="0">
  <testcase classname="com.dsalgo.qa.testcases.TryEditorPageTest" name="runCodeandVerifyAlert" time="7.890"/>
  <system-out/>
</testsuite> <!-- com.dsalgo.qa.testcases.TryEditorPageTest -->
