<?xml version="1.0" encoding="UTF-8"?>
<!-- Generated by org.testng.reporters.JUnitReportReporter -->
<testsuite skipped="0" hostname="DESKTOP-US9O7O0" name="com.dsalgo.qa.testcases.RegisterPageTest" tests="2" failures="0" timestamp="2022-05-16T11:10:41 PDT" time="14.132" errors="0">
  <testcase name="registerUserNegativeTest" time="7.003" classname="com.dsalgo.qa.testcases.RegisterPageTest"/>
  <system-out/>
  <testcase name="registerUserTest" time="7.129" classname="com.dsalgo.qa.testcases.RegisterPageTest"/>
  <system-out/>
</testsuite> <!-- com.dsalgo.qa.testcases.RegisterPageTest -->
