<?xml version="1.0" encoding="UTF-8"?>
<!-- Generated by org.testng.reporters.JUnitReportReporter -->
<testsuite skipped="0" hostname="DESKTOP-US9O7O0" name="com.dsalgo.qa.testcases.GraphPageTest" tests="2" failures="0" timestamp="2022-05-16T11:10:41 PDT" time="18.175" errors="0">
  <testcase name="GraphRepresentationTestScenarios" time="9.154" classname="com.dsalgo.qa.testcases.GraphPageTest"/>
  <system-out/>
  <testcase name="GraphTestScenarios" time="9.021" classname="com.dsalgo.qa.testcases.GraphPageTest"/>
  <system-out/>
</testsuite> <!-- com.dsalgo.qa.testcases.GraphPageTest -->
